[2019-04-23T22:07:31.915] [INFO] Hooks - ******************Environment Setup*****************
[2019-04-23T22:07:31.922] [INFO] Hooks - ****************************************************
[2019-04-23T22:07:31.922] [INFO] Hooks - Scenario :  Navigate to Super Calculator Site and perform calculations
[2019-04-23T22:07:32.709] [INFO] SuperCalculator Page - Opened Super Calculator page
[2019-04-23T22:07:32.870] [INFO] SuperCalculator Page - Sent 3 and 5 to page.
[2019-04-23T22:07:32.952] [INFO] SuperCalculator Page - Clicked Go Button
[2019-04-23T22:07:34.862] [INFO] SuperCalculator Page - Obtained Result : 8
[2019-04-23T22:07:34.866] [DEBUG] Hooks - In After
[2019-04-23T22:07:34.866] [DEBUG] Hooks - ---------TEST SCENARIO FAILED---------
[2019-04-23T22:07:35.332] [ERROR] Hooks - Caught errorTypeError: this.attach is not a function
[2019-04-23T22:07:35.744] [INFO] Hooks - ****************************************************
[2019-04-23T22:07:35.745] [INFO] Hooks - Scenario :  Navigate to Super Calculator Site and perform calculations
[2019-04-23T22:07:36.139] [INFO] SuperCalculator Page - Opened Super Calculator page
[2019-04-23T22:07:36.254] [INFO] SuperCalculator Page - Sent 7 and 18 to page.
[2019-04-23T22:07:36.331] [INFO] SuperCalculator Page - Clicked Go Button
[2019-04-23T22:07:38.265] [INFO] SuperCalculator Page - Obtained Result : 25
[2019-04-23T22:07:38.266] [DEBUG] Hooks - In After
[2019-04-23T22:07:38.267] [DEBUG] Hooks - ---------TEST SCENARIO PASSED---------
[2019-04-23T22:07:38.268] [INFO] Hooks - ****************************************************
[2019-04-23T22:07:38.268] [INFO] Hooks - Scenario :  I will navigate to AngularJS Site and search multiple texts
[2019-04-23T22:07:40.384] [INFO] AngularJS Page - Opened Angular.js page
[2019-04-23T22:07:41.643] [INFO] AngularJS Page - Clicked Angular Link
[2019-04-23T22:07:44.827] [INFO] AngularJS Page - Entered angular in search textbox.
[2019-04-23T22:07:47.835] [DEBUG] Hooks - In After
[2019-04-23T22:07:47.836] [DEBUG] Hooks - ---------TEST SCENARIO PASSED---------
[2019-04-23T22:07:47.838] [INFO] Hooks - ****************************************************
[2019-04-23T22:07:47.839] [INFO] Hooks - Scenario :  I will navigate to AngularJS Site and search multiple texts
[2019-04-23T22:07:49.115] [INFO] AngularJS Page - Opened Angular.js page
[2019-04-23T22:07:50.042] [INFO] AngularJS Page - Clicked Angular Link
[2019-04-23T22:07:53.187] [INFO] AngularJS Page - Entered hello in search textbox.
[2019-04-23T22:07:56.193] [DEBUG] Hooks - In After
[2019-04-23T22:07:56.193] [DEBUG] Hooks - ---------TEST SCENARIO PASSED---------
[2019-04-23T22:07:56.195] [INFO] Hooks - Scenario Passed : 3
[2019-04-23T22:07:56.195] [INFO] Hooks - Scenario Failed : 1
[2019-04-23T22:07:56.195] [INFO] Hooks - Scenario Total : 4
[2019-07-26T22:32:13.276] [INFO] Hooks - ******************Environment Setup*****************
[2019-07-26T22:32:13.283] [INFO] Hooks - ****************************************************
[2019-07-26T22:32:13.283] [INFO] Hooks - Scenario :  Navigate to Super Calculator Site and perform calculations
[2019-07-26T22:32:13.285] [DEBUG] Step Definitions - Step : Navigate to site SuperCalculator
[2019-07-26T22:32:13.984] [INFO] SuperCalculatorPage - Opened Super Calculator page
[2019-07-26T22:32:13.986] [DEBUG] Step Definitions - Step : Add two numbers
[2019-07-26T22:32:14.141] [INFO] SuperCalculatorPage - Sent 3 and 5 to page.
[2019-07-26T22:32:14.225] [INFO] SuperCalculatorPage - Clicked Go Button
[2019-07-26T22:32:14.226] [DEBUG] Step Definitions - Step : Validate the output
[2019-07-26T22:32:16.126] [INFO] SuperCalculatorPage - Obtained Result : 8
[2019-07-26T22:32:16.130] [DEBUG] Hooks - In After
[2019-07-26T22:32:16.131] [DEBUG] Hooks - ---------TEST SCENARIO FAILED---------
[2019-07-26T22:32:16.598] [ERROR] Hooks - Caught errorTypeError: this.attach is not a function
[2019-07-26T22:32:17.024] [INFO] Hooks - ****************************************************
[2019-07-26T22:32:17.024] [INFO] Hooks - Scenario :  Navigate to Super Calculator Site and perform calculations
[2019-07-26T22:32:17.025] [DEBUG] Step Definitions - Step : Navigate to site SuperCalculator
[2019-07-26T22:32:17.448] [INFO] SuperCalculatorPage - Opened Super Calculator page
[2019-07-26T22:32:17.449] [DEBUG] Step Definitions - Step : Add two numbers
[2019-07-26T22:32:17.558] [INFO] SuperCalculatorPage - Sent 7 and 18 to page.
[2019-07-26T22:32:17.658] [INFO] SuperCalculatorPage - Clicked Go Button
[2019-07-26T22:32:17.660] [DEBUG] Step Definitions - Step : Validate the output
[2019-07-26T22:32:19.595] [INFO] SuperCalculatorPage - Obtained Result : 25
[2019-07-26T22:32:19.596] [DEBUG] Hooks - In After
[2019-07-26T22:32:19.596] [DEBUG] Hooks - ---------TEST SCENARIO PASSED---------
[2019-07-26T22:32:19.598] [INFO] Hooks - ****************************************************
[2019-07-26T22:32:19.599] [INFO] Hooks - Scenario :  I will navigate to AngularJS Site and search multiple texts
[2019-07-26T22:32:19.599] [DEBUG] Step Definitions - Step : Navigate to site AngularJS
[2019-07-26T22:32:22.753] [INFO] AngularJSPage - Opened Angular.js page
[2019-07-26T22:32:22.755] [DEBUG] Step Definitions - Step : I clicked on header link
[2019-07-26T22:32:24.003] [INFO] AngularJSPage - Clicked Angular Link
[2019-07-26T22:32:24.005] [DEBUG] Step Definitions - Step : Navigate to angular page
[2019-07-26T22:32:27.010] [DEBUG] Step Definitions - Step : Enter string in search box
[2019-07-26T22:32:27.226] [INFO] AngularJSPage - Entered angular in search textbox.
[2019-07-26T22:32:30.231] [DEBUG] Hooks - In After
[2019-07-26T22:32:30.231] [DEBUG] Hooks - ---------TEST SCENARIO PASSED---------
[2019-07-26T22:32:30.233] [INFO] Hooks - ****************************************************
[2019-07-26T22:32:30.234] [INFO] Hooks - Scenario :  I will navigate to AngularJS Site and search multiple texts
[2019-07-26T22:32:30.235] [DEBUG] Step Definitions - Step : Navigate to site AngularJS
[2019-07-26T22:32:31.970] [INFO] AngularJSPage - Opened Angular.js page
[2019-07-26T22:32:31.972] [DEBUG] Step Definitions - Step : I clicked on header link
[2019-07-26T22:32:32.758] [INFO] AngularJSPage - Clicked Angular Link
[2019-07-26T22:32:32.760] [DEBUG] Step Definitions - Step : Navigate to angular page
[2019-07-26T22:32:35.762] [DEBUG] Step Definitions - Step : Enter string in search box
[2019-07-26T22:32:35.877] [INFO] AngularJSPage - Entered hello in search textbox.
[2019-07-26T22:32:38.884] [DEBUG] Hooks - In After
[2019-07-26T22:32:38.885] [DEBUG] Hooks - ---------TEST SCENARIO PASSED---------
[2019-07-26T22:32:38.888] [INFO] Hooks - Scenario Passed : 3
[2019-07-26T22:32:38.888] [INFO] Hooks - Scenario Failed : 1
[2019-07-26T22:32:38.888] [INFO] Hooks - Scenario Total : 4
